<?xml version="1.0" encoding="UTF-8"?>
<!-- Generated by org.testng.reporters.JUnitReportReporter -->
<testsuite skipped="0" hostname="DESKTOP-6TCML79" name="mavenpractice.tablecount" tests="1" failures="0" timestamp="03 Jul 2021 07:36:35 GMT" time="30.396" errors="0">
  <testcase name="login" time="30.396" classname="mavenpractice.tablecount"/>
</testsuite> <!-- mavenpractice.tablecount -->
