<?xml version="1.0" encoding="UTF-8"?>
<!-- Generated by org.testng.reporters.JUnitReportReporter -->
<testsuite skipped="0" hostname="DESKTOP-6TCML79" name="mavenpractice.seleniumTest" tests="2" failures="0" timestamp="08 Nov 2020 11:45:55 GMT" time="0.008" errors="0">
  <testcase name="login" time="0.005" classname="mavenpractice.seleniumTest"/>
  <testcase name="browser" time="0.003" classname="mavenpractice.seleniumTest"/>
</testsuite> <!-- mavenpractice.seleniumTest -->
