<?xml version="1.0" encoding="UTF-8"?>
<!-- Generated by org.testng.reporters.JUnitReportReporter -->
<testsuite skipped="0" hostname="DESKTOP-6TCML79" name="mavenpractice.AppiumTest" tests="2" failures="0" timestamp="08 Nov 2020 11:45:55 GMT" time="0.030" errors="0">
  <testcase name="logout" time="0.028" classname="mavenpractice.AppiumTest"/>
  <testcase name="mobilelogin" time="0.002" classname="mavenpractice.AppiumTest"/>
</testsuite> <!-- mavenpractice.AppiumTest -->
