<?xml version="1.0" encoding="UTF-8"?>
<!-- Generated by org.testng.reporters.JUnitReportReporter -->
<testsuite hostname="DESKTOP-6TCML79" name="mavenpractice.AppiumTest" tests="2" failures="0" timestamp="3 Jul 2021 11:21:12 GMT" time="0.003" errors="0">
  <testcase name="mobilelogin" time="0.001" classname="mavenpractice.AppiumTest"/>
  <testcase name="logout" time="0.002" classname="mavenpractice.AppiumTest"/>
</testsuite> <!-- mavenpractice.AppiumTest -->
