<?xml version="1.0" encoding="UTF-8"?>
<!-- Generated by org.testng.reporters.JUnitReportReporter -->
<testsuite hostname="DESKTOP-6TCML79" name="mavenpractice.RestTest" tests="2" failures="0" timestamp="3 Jul 2021 11:21:12 GMT" time="0.001" errors="0">
  <testcase name="jira" time="0.001" classname="mavenpractice.RestTest"/>
  <testcase name="work" time="0.000" classname="mavenpractice.RestTest"/>
</testsuite> <!-- mavenpractice.RestTest -->
