<?xml version="1.0" encoding="UTF-8"?>
<!-- Generated by org.testng.reporters.JUnitReportReporter -->
<testsuite hostname="DESKTOP-6TCML79" name="mavenpractice.seleniumTest" tests="2" failures="0" timestamp="3 Jul 2021 11:21:12 GMT" time="0.001" errors="0">
  <testcase name="login" time="0.001" classname="mavenpractice.seleniumTest"/>
  <testcase name="browser" time="0.000" classname="mavenpractice.seleniumTest"/>
</testsuite> <!-- mavenpractice.seleniumTest -->
