<?xml version="1.0" encoding="UTF-8"?>
<!-- Generated by org.testng.reporters.JUnitReportReporter -->
<testsuite hostname="DESKTOP-6TCML79" name="mavenpractice.tablecount" tests="1" failures="0" timestamp="3 Jul 2021 11:21:12 GMT" time="46.929" errors="0">
  <testcase name="login" time="46.929" classname="mavenpractice.tablecount"/>
</testsuite> <!-- mavenpractice.tablecount -->
